<?xml version="1.0" encoding="UTF-8"?>
<!-- Generated by org.testng.reporters.JUnitReportReporter -->
<testsuite skipped="0" hostname="LAPTOP-IF9KORVJ" name="PageobmodelTestcases.AutomationTest" tests="5" failures="0" timestamp="07 Oct 2019 09:24:05 GMT" time="71.530" errors="0">
  <testcase name="CheckRememberme" time="16.187" classname="PageobmodelTestcases.AutomationTest"/>
  <testcase name="verifyLoginErrormsg" time="14.134" classname="PageobmodelTestcases.AutomationTest"/>
  <testcase name="TestForgotpwdlink" time="12.948" classname="PageobmodelTestcases.AutomationTest"/>
  <testcase name="SalesforceLogoImgTest" time="13.344" classname="PageobmodelTestcases.AutomationTest"/>
  <testcase name="ValidLoginTest" time="14.917" classname="PageobmodelTestcases.AutomationTest"/>
</testsuite> <!-- PageobmodelTestcases.AutomationTest -->
